C51 COMPILER V9.01   ADC0832                                                               11/24/2025 15:02:45 PAGE 1   


C51 COMPILER V9.01, COMPILATION OF MODULE ADC0832
OBJECT MODULE PLACED IN .\output\adc0832.obj
COMPILER INVOKED BY: C:\Program Files\KEIL4\C51\BIN\C51.EXE OLED\adc0832.c BROWSE INCDIR(.\OLED) DEBUG OBJECTEXTEND PRIN
                    -T(.\listing\adc0832.lst) OBJECT(.\output\adc0832.obj)

line level    source

   1          #include "adc0832.h"
   2          
   3          
   4          void Delay5us()
   5          {
   6   1              unsigned char i,j;
   7   1              i=2;j=2;
   8   1              do{
   9   2              
  10   2                      while(--j);
  11   2              }while(--i);
  12   1      }
  13          
  14          unsigned char adc0832_readbyte(unsigned char chanel)
  15          {
  16   1               unsigned char i,j,dat=0;
  17   1               CS=0;
  18   1      
  19   1               //发送起始位
  20   1               CLK = 0;
  21   1               DIO=1;
  22   1               Delay5us();
  23   1               CLK=1;
  24   1               Delay5us();
  25   1      
  26   1               //
  27   1               CLK=0;
  28   1               DIO=1;
  29   1               Delay5us();
  30   1               CLK=1;
  31   1               Delay5us;
*** WARNING C275 IN LINE 31 OF OLED\ADC0832.C: expression with possibly no effect
  32   1      
  33   1               CLK=0;
  34   1               DIO= chanel;
  35   1               Delay5us();
  36   1               CLK=1;
  37   1               Delay5us();
  38   1      
  39   1               CLK=1;
  40   1               DIO=1;
  41   1      
  42   1               for(i=0;i<8;i++)
  43   1               {
  44   2                  CLK=1;
  45   2                      Delay5us();
  46   2                      CLK=0;
  47   2                      Delay5us();
  48   2                      j=DIO;
  49   2                      dat=(dat<<1)|j;
  50   2               }
  51   1      
  52   1               CS=1;
  53   1               return dat;
C51 COMPILER V9.01   ADC0832                                                               11/24/2025 15:02:45 PAGE 2   

  54   1      }
  55          
  56          
  57          
  58          
  59          
  60          
  61          
  62          
  63          
  64          
  65          
  66          
  67          
  68          
  69          
  70          
  71          
  72          
  73          
  74          
  75          
  76          
  77          
  78          
  79          
  80          
  81          


MODULE INFORMATION:   STATIC OVERLAYABLE
   CODE SIZE        =     86    ----
   CONSTANT SIZE    =   ----    ----
   XDATA SIZE       =   ----    ----
   PDATA SIZE       =   ----    ----
   DATA SIZE        =   ----    ----
   IDATA SIZE       =   ----    ----
   BIT SIZE         =   ----    ----
END OF MODULE INFORMATION.


C51 COMPILATION COMPLETE.  1 WARNING(S),  0 ERROR(S)
